<?xml version="1.0" encoding="UTF-8"?>
<!-- Generated by org.testng.reporters.JUnitReportReporter -->
<testsuite hostname="QSP" failures="0" tests="1" name="scripts.EnrollForcourse" time="32.978" errors="0" timestamp="2021-04-03T12:57:05 IST" skipped="0">
  <testcase classname="scripts.EnrollForcourse" name="enrollcourses" time="32.978"/>
  <system-out/>
</testsuite> <!-- scripts.EnrollForcourse -->
